This is pdfTeX, Version 3.14159265-2.6-1.40.20 (TeX Live 2019/Debian) (preloaded format=pdflatex 2021.8.2)  17 AUG 2021 16:27
entering extended mode
 restricted \write18 enabled.
 %&-line parsing enabled.
**main.tex
(./main.tex
LaTeX2e <2020-02-02> patch level 2
L3 programming layer <2020-02-14>
(/usr/share/texlive/texmf-dist/tex/latex/base/article.cls
Document Class: article 2019/12/20 v1.4l Standard LaTeX document class
(/usr/share/texlive/texmf-dist/tex/latex/base/size10.clo
File: size10.clo 2019/12/20 v1.4l Standard LaTeX file (size option)
)
\c@part=\count167
\c@section=\count168
\c@subsection=\count169
\c@subsubsection=\count170
\c@paragraph=\count171
\c@subparagraph=\count172
\c@figure=\count173
\c@table=\count174
\abovecaptionskip=\skip47
\belowcaptionskip=\skip48
\bibindent=\dimen134
)
(/usr/share/texlive/texmf-dist/tex/latex/base/inputenc.sty
Package: inputenc 2018/08/11 v1.3c Input encoding file
\inpenc@prehook=\toks14
\inpenc@posthook=\toks15
)
(/usr/share/texlive/texmf-dist/tex/latex/graphics/graphicx.sty
Package: graphicx 2019/11/30 v1.2a Enhanced LaTeX Graphics (DPC,SPQR)

(/usr/share/texlive/texmf-dist/tex/latex/graphics/keyval.sty
Package: keyval 2014/10/28 v1.15 key=value parser (DPC)
\KV@toks@=\toks16
)
(/usr/share/texlive/texmf-dist/tex/latex/graphics/graphics.sty
Package: graphics 2019/11/30 v1.4a Standard LaTeX Graphics (DPC,SPQR)

(/usr/share/texlive/texmf-dist/tex/latex/graphics/trig.sty
Package: trig 2016/01/03 v1.10 sin cos tan (DPC)
)
(/usr/share/texlive/texmf-dist/tex/latex/graphics-cfg/graphics.cfg
File: graphics.cfg 2016/06/04 v1.11 sample graphics configuration
)
Package graphics Info: Driver file: pdftex.def on input line 105.

(/usr/share/texlive/texmf-dist/tex/latex/graphics-def/pdftex.def
File: pdftex.def 2018/01/08 v1.0l Graphics/color driver for pdftex
))
\Gin@req@height=\dimen135
\Gin@req@width=\dimen136
)
(/usr/share/texlive/texmf-dist/tex/latex/vhistory/vhistory.sty
Package: vhistory 

(/usr/share/texlive/texmf-dist/tex/latex/carlisle/ltxtable.sty
Package: ltxtable 1995/12/11 v0.2 longtable/tabularx merge (DPC)

(/usr/share/texlive/texmf-dist/tex/latex/tools/tabularx.sty
Package: tabularx 2020/01/15 v2.11c `tabularx' package (DPC)

(/usr/share/texlive/texmf-dist/tex/latex/tools/array.sty
Package: array 2019/08/31 v2.4l Tabular extension package (FMi)
\col@sep=\dimen137
\ar@mcellbox=\box45
\extrarowheight=\dimen138
\NC@list=\toks17
\extratabsurround=\skip49
\backup@length=\skip50
\ar@cellbox=\box46
)
\TX@col@width=\dimen139
\TX@old@table=\dimen140
\TX@old@col=\dimen141
\TX@target=\dimen142
\TX@delta=\dimen143
\TX@cols=\count175
\TX@ftn=\toks18
)
(/usr/share/texlive/texmf-dist/tex/latex/tools/longtable.sty
Package: longtable 2020/01/07 v4.13 Multi-page Table package (DPC)
\LTleft=\skip51
\LTright=\skip52
\LTpre=\skip53
\LTpost=\skip54
\LTchunksize=\count176
\LTcapwidth=\dimen144
\LT@head=\box47
\LT@firsthead=\box48
\LT@foot=\box49
\LT@lastfoot=\box50
\LT@cols=\count177
\LT@rows=\count178
\c@LT@tables=\count179
\c@LT@chunks=\count180
\LT@p@ftn=\toks19
))
(/usr/share/texlive/texmf-dist/tex/latex/vhistory/sets.sty
Package: sets 
\c@s@tlength=\count181
)
Reading file main.hst...
(./main.hst)
\vh@verfile=\write3
) (/usr/share/texlive/texmf-dist/tex/latex/geometry/geometry.sty
Package: geometry 2020/01/02 v5.9 Page Geometry

(/usr/share/texlive/texmf-dist/tex/generic/iftex/ifvtex.sty
Package: ifvtex 2019/10/25 v1.7 ifvtex legacy package. Use iftex instead.

(/usr/share/texlive/texmf-dist/tex/generic/iftex/iftex.sty
Package: iftex 2019/11/07 v1.0c TeX engine tests
))
\Gm@cnth=\count182
\Gm@cntv=\count183
\c@Gm@tempcnt=\count184
\Gm@bindingoffset=\dimen145
\Gm@wd@mp=\dimen146
\Gm@odd@mp=\dimen147
\Gm@even@mp=\dimen148
\Gm@layoutwidth=\dimen149
\Gm@layoutheight=\dimen150
\Gm@layouthoffset=\dimen151
\Gm@layoutvoffset=\dimen152
\Gm@dimlist=\toks20
)
(/usr/share/texlive/texmf-dist/tex/latex/tools/indentfirst.sty
Package: indentfirst 1995/11/23 v1.03 Indent first paragraph (DPC)
)
(/usr/share/texlive/texmf-dist/tex/latex/hyperref/hyperref.sty
Package: hyperref 2020/01/14 v7.00d Hypertext links for LaTeX

(/usr/share/texlive/texmf-dist/tex/generic/ltxcmds/ltxcmds.sty
Package: ltxcmds 2019/12/15 v1.24 LaTeX kernel commands for general use (HO)
)
(/usr/share/texlive/texmf-dist/tex/latex/pdftexcmds/pdftexcmds.sty
Package: pdftexcmds 2019/11/24 v0.31 Utility functions of pdfTeX for LuaTeX (HO
)

(/usr/share/texlive/texmf-dist/tex/generic/infwarerr/infwarerr.sty
Package: infwarerr 2019/12/03 v1.5 Providing info/warning/error messages (HO)
)
Package pdftexcmds Info: \pdf@primitive is available.
Package pdftexcmds Info: \pdf@ifprimitive is available.
Package pdftexcmds Info: \pdfdraftmode found.
)
(/usr/share/texlive/texmf-dist/tex/generic/kvsetkeys/kvsetkeys.sty
Package: kvsetkeys 2019/12/15 v1.18 Key value parser (HO)
)
(/usr/share/texlive/texmf-dist/tex/generic/kvdefinekeys/kvdefinekeys.sty
Package: kvdefinekeys 2019-12-19 v1.6 Define keys (HO)
)
(/usr/share/texlive/texmf-dist/tex/generic/pdfescape/pdfescape.sty
Package: pdfescape 2019/12/09 v1.15 Implements pdfTeX's escape features (HO)
)
(/usr/share/texlive/texmf-dist/tex/latex/hycolor/hycolor.sty
Package: hycolor 2020-01-27 v1.10 Color options for hyperref/bookmark (HO)
)
(/usr/share/texlive/texmf-dist/tex/latex/letltxmacro/letltxmacro.sty
Package: letltxmacro 2019/12/03 v1.6 Let assignment for LaTeX macros (HO)
)
(/usr/share/texlive/texmf-dist/tex/latex/auxhook/auxhook.sty
Package: auxhook 2019-12-17 v1.6 Hooks for auxiliary files (HO)
)
(/usr/share/texlive/texmf-dist/tex/latex/kvoptions/kvoptions.sty
Package: kvoptions 2019/11/29 v3.13 Key value format for package options (HO)
)
\@linkdim=\dimen153
\Hy@linkcounter=\count185
\Hy@pagecounter=\count186

(/usr/share/texlive/texmf-dist/tex/latex/hyperref/pd1enc.def
File: pd1enc.def 2020/01/14 v7.00d Hyperref: PDFDocEncoding definition (HO)
Now handling font encoding PD1 ...
... no UTF-8 mapping file for font encoding PD1
)
(/usr/share/texlive/texmf-dist/tex/generic/intcalc/intcalc.sty
Package: intcalc 2019/12/15 v1.3 Expandable calculations with integers (HO)
)
(/usr/share/texlive/texmf-dist/tex/generic/etexcmds/etexcmds.sty
Package: etexcmds 2019/12/15 v1.7 Avoid name clashes with e-TeX commands (HO)
)
\Hy@SavedSpaceFactor=\count187
\pdfmajorversion=\count188
Package hyperref Info: Hyper figures OFF on input line 4547.
Package hyperref Info: Link nesting OFF on input line 4552.
Package hyperref Info: Hyper index ON on input line 4555.
Package hyperref Info: Plain pages OFF on input line 4562.
Package hyperref Info: Backreferencing OFF on input line 4567.
Package hyperref Info: Implicit mode ON; LaTeX internals redefined.
Package hyperref Info: Bookmarks ON on input line 4800.
\c@Hy@tempcnt=\count189

(/usr/share/texlive/texmf-dist/tex/latex/url/url.sty
\Urlmuskip=\muskip16
Package: url 2013/09/16  ver 3.4  Verb mode for urls, etc.
)
LaTeX Info: Redefining \url on input line 5159.
\XeTeXLinkMargin=\dimen154

(/usr/share/texlive/texmf-dist/tex/generic/bitset/bitset.sty
Package: bitset 2019/12/09 v1.3 Handle bit-vector datatype (HO)

(/usr/share/texlive/texmf-dist/tex/generic/bigintcalc/bigintcalc.sty
Package: bigintcalc 2019/12/15 v1.5 Expandable calculations on big integers (HO
)
))
\Fld@menulength=\count190
\Field@Width=\dimen155
\Fld@charsize=\dimen156
Package hyperref Info: Hyper figures OFF on input line 6430.
Package hyperref Info: Link nesting OFF on input line 6435.
Package hyperref Info: Hyper index ON on input line 6438.
Package hyperref Info: backreferencing OFF on input line 6445.
Package hyperref Info: Link coloring OFF on input line 6450.
Package hyperref Info: Link coloring with OCG OFF on input line 6455.
Package hyperref Info: PDF/A mode OFF on input line 6460.
LaTeX Info: Redefining \ref on input line 6500.
LaTeX Info: Redefining \pageref on input line 6504.

(/usr/share/texlive/texmf-dist/tex/generic/atbegshi/atbegshi.sty
Package: atbegshi 2019/12/05 v1.19 At begin shipout hook (HO)
)
\Hy@abspage=\count191
\c@Item=\count192
\c@Hfootnote=\count193
)
Package hyperref Info: Driver (autodetected): hpdftex.

(/usr/share/texlive/texmf-dist/tex/latex/hyperref/hpdftex.def
File: hpdftex.def 2020/01/14 v7.00d Hyperref driver for pdfTeX

(/usr/share/texlive/texmf-dist/tex/latex/atveryend/atveryend.sty
Package: atveryend 2019-12-11 v1.11 Hooks at the very end of document (HO)
Package atveryend Info: \enddocument detected (standard20110627).
)
\Fld@listcount=\count194
\c@bookmark@seq@number=\count195

(/usr/share/texlive/texmf-dist/tex/latex/rerunfilecheck/rerunfilecheck.sty
Package: rerunfilecheck 2019/12/05 v1.9 Rerun checks for auxiliary files (HO)

(/usr/share/texlive/texmf-dist/tex/generic/uniquecounter/uniquecounter.sty
Package: uniquecounter 2019/12/15 v1.4 Provide unlimited unique counter (HO)
)
Package uniquecounter Info: New unique counter `rerunfilecheck' on input line 2
86.
)
\Hy@SectionHShift=\skip55
)
Package hyperref Info: Option `colorlinks' set `true' on input line 13.

(/usr/share/texlive/texmf-dist/tex/latex/l3backend/l3backend-pdfmode.def
File: l3backend-pdfmode.def 2020-02-03 L3 backend support: PDF mode
\l__kernel_color_stack_int=\count196
\l__pdf_internal_box=\box51
)
(./main.aux)
\openout1 = `main.aux'.

LaTeX Font Info:    Checking defaults for OML/cmm/m/it on input line 22.
LaTeX Font Info:    ... okay on input line 22.
LaTeX Font Info:    Checking defaults for OMS/cmsy/m/n on input line 22.
LaTeX Font Info:    ... okay on input line 22.
LaTeX Font Info:    Checking defaults for OT1/cmr/m/n on input line 22.
LaTeX Font Info:    ... okay on input line 22.
LaTeX Font Info:    Checking defaults for T1/cmr/m/n on input line 22.
LaTeX Font Info:    ... okay on input line 22.
LaTeX Font Info:    Checking defaults for TS1/cmr/m/n on input line 22.
LaTeX Font Info:    ... okay on input line 22.
LaTeX Font Info:    Checking defaults for OMX/cmex/m/n on input line 22.
LaTeX Font Info:    ... okay on input line 22.
LaTeX Font Info:    Checking defaults for U/cmr/m/n on input line 22.
LaTeX Font Info:    ... okay on input line 22.
LaTeX Font Info:    Checking defaults for PD1/pdf/m/n on input line 22.
LaTeX Font Info:    ... okay on input line 22.
 (/usr/share/texlive/texmf-dist/tex/context/base/mkii/supp-pdf.mkii
[Loading MPS to PDF converter (version 2006.09.02).]
\scratchcounter=\count197
\scratchdimen=\dimen157
\scratchbox=\box52
\nofMPsegments=\count198
\nofMParguments=\count199
\everyMPshowfont=\toks21
\MPscratchCnt=\count266
\MPscratchDim=\dimen158
\MPnumerator=\count267
\makeMPintoPDFobject=\count268
\everyMPtoPDFconversion=\toks22
) (/usr/share/texlive/texmf-dist/tex/latex/epstopdf-pkg/epstopdf-base.sty
Package: epstopdf-base 2020-01-24 v2.11 Base part for package epstopdf
Package epstopdf-base Info: Redefining graphics rule for `.eps' on input line 4
85.

(/usr/share/texlive/texmf-dist/tex/latex/latexconfig/epstopdf-sys.cfg
File: epstopdf-sys.cfg 2010/07/13 v1.3 Configuration of (r)epstopdf for TeX Liv
e
))
*geometry* driver: auto-detecting
*geometry* detected driver: pdftex
*geometry* verbose mode - [ preamble ] result:
* driver: pdftex
* paper: <default>
* layout: <same size as paper>
* layoutoffset:(h,v)=(0.0pt,0.0pt)
* modes: 
* h-part:(L,W,R)=(72.26999pt, 469.75502pt, 72.26999pt)
* v-part:(T,H,B)=(72.26999pt, 650.43001pt, 72.26999pt)
* \paperwidth=614.295pt
* \paperheight=794.96999pt
* \textwidth=469.75502pt
* \textheight=650.43001pt
* \oddsidemargin=0.0pt
* \evensidemargin=0.0pt
* \topmargin=-37.0pt
* \headheight=12.0pt
* \headsep=25.0pt
* \topskip=10.0pt
* \footskip=30.0pt
* \marginparwidth=65.0pt
* \marginparsep=11.0pt
* \columnsep=10.0pt
* \skip\footins=9.0pt plus 4.0pt minus 2.0pt
* \hoffset=0.0pt
* \voffset=0.0pt
* \mag=1000
* \@twocolumnfalse
* \@twosidefalse
* \@mparswitchfalse
* \@reversemarginfalse
* (1in=72.27pt=25.4mm, 1cm=28.453pt)

\AtBeginShipoutBox=\box53
(/usr/share/texlive/texmf-dist/tex/latex/graphics/color.sty
Package: color 2019/11/23 v1.2a Standard LaTeX Color (DPC)

(/usr/share/texlive/texmf-dist/tex/latex/graphics-cfg/color.cfg
File: color.cfg 2016/01/02 v1.6 sample color configuration
)
Package color Info: Driver file: pdftex.def on input line 147.
)
Package hyperref Info: Link coloring ON on input line 22.

(/usr/share/texlive/texmf-dist/tex/latex/hyperref/nameref.sty
Package: nameref 2019/09/16 v2.46 Cross-referencing by name of section

(/usr/share/texlive/texmf-dist/tex/latex/refcount/refcount.sty
Package: refcount 2019/12/15 v3.6 Data extraction from label references (HO)
)
(/usr/share/texlive/texmf-dist/tex/generic/gettitlestring/gettitlestring.sty
Package: gettitlestring 2019/12/15 v1.6 Cleanup title references (HO)
)
\c@section@level=\count269
)
LaTeX Info: Redefining \ref on input line 22.
LaTeX Info: Redefining \pageref on input line 22.
LaTeX Info: Redefining \nameref on input line 22.

(./main.out) (./main.out)
\@outlinefile=\write4
\openout4 = `main.out'.

LaTeX Font Info:    External font `cmex10' loaded for size
(Font)              <12> on input line 25.
LaTeX Font Info:    External font `cmex10' loaded for size
(Font)              <8> on input line 25.
LaTeX Font Info:    External font `cmex10' loaded for size
(Font)              <6> on input line 25.
 (./main.toc
LaTeX Font Info:    External font `cmex10' loaded for size
(Font)              <7> on input line 2.
LaTeX Font Info:    External font `cmex10' loaded for size
(Font)              <5> on input line 2.
)
\tf@toc=\write5
\openout5 = `main.toc'.

\openout3 = `main.ver'.

\vh@hstfile=\write6
\openout6 = `main.hst'.

 (./main.ver) (./main.ver) (./main.ver
Underfull \hbox (badness 10000) in paragraph at lines 8--9
[]|\OT1/cmr/m/n/10 Ian Peitzsch,
 []

) [1

{/var/lib/texmf/fonts/map/pdftex/updmap/pdftex.map}]
LaTeX Font Info:    Trying to load font information for TS1+cmtt on input line 
54.

(/usr/share/texlive/texmf-dist/tex/latex/base/ts1cmtt.fd
File: ts1cmtt.fd 2019/12/16 v2.5j Standard LaTeX font definitions
)
Underfull \hbox (badness 10000) in paragraph at lines 53--56

 []


Underfull \hbox (badness 10000) in paragraph at lines 53--56

 []

<images/main_inactive.jpg, id=154, 210.03468pt x 193.47281pt>
File: images/main_inactive.jpg Graphic file (type jpg)
<use images/main_inactive.jpg>
Package pdftex.def Info: images/main_inactive.jpg  used on input line 58.
(pdftex.def)             Requested size: 210.03416pt x 193.47234pt.
<images/main_active.jpg, id=155, 210.03468pt x 193.47281pt>
File: images/main_active.jpg Graphic file (type jpg)
<use images/main_active.jpg>
Package pdftex.def Info: images/main_active.jpg  used on input line 59.
(pdftex.def)             Requested size: 210.03416pt x 193.47234pt.
LaTeX Font Info:    Trying to load font information for OMS+cmtt on input line 
64.
LaTeX Font Info:    No file OMScmtt.fd. on input line 64.

LaTeX Font Warning: Font shape `OMS/cmtt/m/n' undefined
(Font)              using `OMS/cmsy/m/n' instead
(Font)              for symbol `textbraceleft' on input line 64.

[2 <./images/main_inactive.jpg> <./images/main_active.jpg>]
<images/MemDump.PNG, id=163, 836.52525pt x 328.8285pt>
File: images/MemDump.PNG Graphic file (type png)
<use images/MemDump.PNG>
Package pdftex.def Info: images/MemDump.PNG  used on input line 68.
(pdftex.def)             Requested size: 469.75502pt x 184.6595pt.
 [3 <./images/MemDump.PNG>]
<images/MemTree.PNG, id=173, 332.442pt x 342.078pt>
File: images/MemTree.PNG Graphic file (type png)
<use images/MemTree.PNG>
Package pdftex.def Info: images/MemTree.PNG  used on input line 97.
(pdftex.def)             Requested size: 281.85587pt x 290.02646pt.
 [4 <./images/MemTree.PNG>]
<images/AssemblyView.PNG, id=179, 425.79076pt x 198.7425pt>
File: images/AssemblyView.PNG Graphic file (type png)
<use images/AssemblyView.PNG>
Package pdftex.def Info: images/AssemblyView.PNG  used on input line 105.
(pdftex.def)             Requested size: 281.85587pt x 131.56165pt.

Overfull \hbox (52.3764pt too wide) in paragraph at lines 110--110
[]\OT1/cmr/bx/n/10 Note: \OT1/cmr/m/n/10 To prop-erly use this view, the ar-chi
-tec-ture's in-struc-tion pointer reg-is-ter must be set in \OT1/cmtt/m/n/10 pa
ckage/constants.py\OT1/cmr/m/n/10 .
 []

<images/registers_fancy.jpg, id=180, 572.1375pt x 651.18282pt>
File: images/registers_fancy.jpg Graphic file (type jpg)
<use images/registers_fancy.jpg>
Package pdftex.def Info: images/registers_fancy.jpg  used on input line 120.
(pdftex.def)             Requested size: 256.0748pt x 291.44969pt.
[5 <./images/AssemblyView.PNG>]
Underfull \hbox (badness 10000) in paragraph at lines 123--124

 []

[6 <./images/registers_fancy.jpg>]
Underfull \hbox (badness 10000) in paragraph at lines 130--132

 []

<images/logging-view.png, id=190, 804.00375pt x 829.0975pt>
File: images/logging-view.png Graphic file (type png)
<use images/logging-view.png>
Package pdftex.def Info: images/logging-view.png  used on input line 141.
(pdftex.def)             Requested size: 284.52756pt x 293.40182pt.
<images/logging-view-populated.png, id=191, 801.99625pt x 831.105pt>
File: images/logging-view-populated.png Graphic file (type png)
<use images/logging-view-populated.png>
Package pdftex.def Info: images/logging-view-populated.png  used on input line 
145.
(pdftex.def)             Requested size: 284.52756pt x 294.86046pt.
[7 <./images/logging-view.png>]
<images/TimeMult.PNG, id=198, 361.35pt x 248.127pt>
File: images/TimeMult.PNG Graphic file (type png)
<use images/TimeMult.PNG>
Package pdftex.def Info: images/TimeMult.PNG  used on input line 150.
(pdftex.def)             Requested size: 281.85587pt x 193.54205pt.
 [8 <./images/logging-view-populated.png> <./images/TimeMult.PNG>]
File: images/main_active.jpg Graphic file (type jpg)
<use images/main_active.jpg>
Package pdftex.def Info: images/main_active.jpg  used on input line 160.
(pdftex.def)             Requested size: 210.03416pt x 193.47234pt.
<images/main_active_dark.jpg, id=209, 210.03468pt x 193.47281pt>
File: images/main_active_dark.jpg Graphic file (type jpg)
<use images/main_active_dark.jpg>
Package pdftex.def Info: images/main_active_dark.jpg  used on input line 161.
(pdftex.def)             Requested size: 210.03416pt x 193.47234pt.
<images/qmp-monitor-view.png, id=211, 280.04625pt x 243.91125pt>
File: images/qmp-monitor-view.png Graphic file (type png)
<use images/qmp-monitor-view.png>
Package pdftex.def Info: images/qmp-monitor-view.png  used on input line 168.
(pdftex.def)             Requested size: 227.62204pt x 198.25928pt.
LaTeX Font Info:    Font shape `OT1/cmtt/bx/n' in size <12> not available
(Font)              Font shape `OT1/cmtt/m/n' tried instead on input line 173.
 [9 <./images/main_active_dark.jpg> <./images/qmp-monitor-view.png>]
LaTeX Font Info:    Font shape `OT1/cmtt/bx/n' in size <10> not available
(Font)              Font shape `OT1/cmtt/m/n' tried instead on input line 188.

Overfull \hbox (6.74112pt too wide) in paragraph at lines 202--210
\OT1/cmtt/m/n/10 <- \OMS/cmtt/m/n/10 f\OT1/cmtt/m/n/10 "return:" \OMS/cmtt/m/n/
10 f\OT1/cmtt/m/n/10 "hash": 0, "vals": \OMS/cmtt/m/n/10 f\OT1/cmtt/m/n/10 "val
": 0, "ismapped": true\OMS/cmtt/m/n/10 g\OT1/cmtt/m/n/10 , \OMS/cmtt/m/n/10 f\O
T1/cmtt/m/n/10 "val": 0, "ismapped":
 []

[10]
Overfull \hbox (38.24084pt too wide) in paragraph at lines 229--232
\OT1/cmtt/m/n/10 <- \OMS/cmtt/m/n/10 f\OT1/cmtt/m/n/10 "return": \OMS/cmtt/m/n/
10 f f\OT1/cmtt/m/n/10 "name": "memory", "start": 0, "end": -1, "parent": ""\OM
S/cmtt/m/n/10 g\OT1/cmtt/m/n/10 , \OMS/cmtt/m/n/10 f\OT1/cmtt/m/n/10 "name": "s
ystem",
 []

[11]
Package atveryend Info: Empty hook `BeforeClearDocument' on input line 287.
 [12]
Package atveryend Info: Empty hook `AfterLastShipout' on input line 287.
 (./main.aux)
Package atveryend Info: Executing hook `AtVeryEndDocument' on input line 287.
Package atveryend Info: Executing hook `AtEndAfterFileList' on input line 287.
Package rerunfilecheck Info: File `main.out' has not changed.
(rerunfilecheck)             Checksum: BBA5680AE85A7E0D72C9421EEB3422C9;1730.


LaTeX Font Warning: Some font shapes were not available, defaults substituted.

Package atveryend Info: Empty hook `AtVeryVeryEnd' on input line 287.
 ) 
Here is how much of TeX's memory you used:
 6252 strings out of 483140
 96211 string characters out of 5965152
 360888 words of memory out of 5000000
 21077 multiletter control sequences out of 15000+600000
 537562 words of font info for 42 fonts, out of 8000000 for 9000
 36 hyphenation exceptions out of 8191
 39i,6n,34p,862b,380s stack positions out of 5000i,500n,10000p,200000b,80000s
 </home/rmisbin/.texlive2019/texmf-var/fonts/pk/ljfour/jknappen/ec/tctt1000.6
00pk> </home/rmisbin/.texlive2019/texmf-var/fonts/pk/ljfour/jknappen/ec/tcrm100
0.600pk></usr/share/texlive/texmf-dist/fonts/type1/public/amsfonts/cm/cmbx10.pf
b></usr/share/texlive/texmf-dist/fonts/type1/public/amsfonts/cm/cmbx12.pfb></us
r/share/texlive/texmf-dist/fonts/type1/public/amsfonts/cm/cmmi10.pfb></usr/shar
e/texlive/texmf-dist/fonts/type1/public/amsfonts/cm/cmmi5.pfb></usr/share/texli
ve/texmf-dist/fonts/type1/public/amsfonts/cm/cmmi7.pfb></usr/share/texlive/texm
f-dist/fonts/type1/public/amsfonts/cm/cmr10.pfb></usr/share/texlive/texmf-dist/
fonts/type1/public/amsfonts/cm/cmr12.pfb></usr/share/texlive/texmf-dist/fonts/t
ype1/public/amsfonts/cm/cmr17.pfb></usr/share/texlive/texmf-dist/fonts/type1/pu
blic/amsfonts/cm/cmr7.pfb></usr/share/texlive/texmf-dist/fonts/type1/public/ams
fonts/cm/cmsy10.pfb></usr/share/texlive/texmf-dist/fonts/type1/public/amsfonts/
cm/cmtt10.pfb></usr/share/texlive/texmf-dist/fonts/type1/public/amsfonts/cm/cmt
t12.pfb>
Output written on main.pdf (12 pages, 1224072 bytes).
PDF statistics:
 307 PDF objects out of 1000 (max. 8388607)
 258 compressed objects within 3 object streams
 57 named destinations out of 1000 (max. 500000)
 272 words of extra memory for PDF output out of 10000 (max. 10000000)

