\BOOKMARK [1][-]{section.1}{Introduction}{}% 1
\BOOKMARK [2][-]{subsection.1.1}{Purpose}{section.1}% 2
\BOOKMARK [2][-]{subsection.1.2}{Installation}{section.1}% 3
\BOOKMARK [1][-]{section.2}{Features}{}% 4
\BOOKMARK [2][-]{subsection.2.1}{Memory Dump}{section.2}% 5
\BOOKMARK [3][-]{subsubsection.2.1.1}{Reading Memory}{subsection.2.1}% 6
\BOOKMARK [3][-]{subsubsection.2.1.2}{Displaying Memory}{subsection.2.1}% 7
\BOOKMARK [3][-]{subsubsection.2.1.3}{Auto Refresh}{subsection.2.1}% 8
\BOOKMARK [3][-]{subsubsection.2.1.4}{Searching}{subsection.2.1}% 9
\BOOKMARK [3][-]{subsubsection.2.1.5}{Saving}{subsection.2.1}% 10
\BOOKMARK [2][-]{subsection.2.2}{Memory Tree View}{section.2}% 11
\BOOKMARK [2][-]{subsection.2.3}{Assembly View}{section.2}% 12
\BOOKMARK [2][-]{subsection.2.4}{CPU Register View}{section.2}% 13
\BOOKMARK [3][-]{subsubsection.2.4.1}{Searching Events}{subsection.2.4}% 14
\BOOKMARK [3][-]{subsubsection.2.4.2}{Viewing and Saving Output}{subsection.2.4}% 15
\BOOKMARK [2][-]{subsection.2.5}{Logging View}{section.2}% 16
\BOOKMARK [2][-]{subsection.2.6}{Time Multiplier Graph}{section.2}% 17
\BOOKMARK [2][-]{subsection.2.7}{Miscellaneous}{section.2}% 18
\BOOKMARK [3][-]{subsubsection.2.7.1}{Dark Mode}{subsection.2.7}% 19
\BOOKMARK [3][-]{subsubsection.2.7.2}{Plugin Support}{subsection.2.7}% 20
\BOOKMARK [1][-]{section.3}{Added QMP Commands}{}% 21
\BOOKMARK [2][-]{subsection.3.1}{get-pmem}{section.3}% 22
\BOOKMARK [2][-]{subsection.3.2}{mtree}{section.3}% 23
\BOOKMARK [2][-]{subsection.3.3}{itc-sim-time}{section.3}% 24
\BOOKMARK [2][-]{subsection.3.4}{itc-time-metric}{section.3}% 25
\BOOKMARK [2][-]{subsection.3.5}{itc-cpureg}{section.3}% 26
\BOOKMARK [1][-]{section.4}{Future Work as of v.0.2}{}% 27
